<?xml version="1.0" encoding="UTF-8"?>
<!-- Generated by org.testng.reporters.JUnitReportReporter -->
<testsuite hostname="AmirPC" name="occurrencesuser.radionbuttons" tests="1" failures="0" timestamp="29 May 2019 11:12:06 GMT" time="14.102" errors="0">
  <testcase name="f" time="14.102" classname="occurrencesuser.radionbuttons"/>
</testsuite> <!-- occurrencesuser.radionbuttons -->
